<?xml version="1.0" encoding="UTF-8"?>
<!-- Generated by org.testng.reporters.JUnitReportReporter -->
<testsuite skipped="0" hostname="DESKTOP-05KEVR3" name="com.qa.demowebshop.tests.RegistrationPageTest" tests="6" failures="0" timestamp="05 Jan 2020 17:22:13 GMT" time="70.714" errors="0">
  <testcase name="verifyHomePageTitleTest" time="0.184" classname="com.qa.demowebshop.tests.RegistrationPageTest"/>
  <testcase name="verifyisRegisterLinkExistsTest" time="0.084" classname="com.qa.demowebshop.tests.RegistrationPageTest"/>
  <testcase name="verifyRegisterLinkclickTest" time="0.735" classname="com.qa.demowebshop.tests.RegistrationPageTest"/>
  <testcase name="verifyRegistationPageTitleTest" time="0.034" classname="com.qa.demowebshop.tests.RegistrationPageTest"/>
  <testcase name="createNewRegisterTest" time="35.161" classname="com.qa.demowebshop.tests.RegistrationPageTest"/>
  <testcase name="createNewRegisterTest" time="34.516" classname="com.qa.demowebshop.tests.RegistrationPageTest"/>
</testsuite> <!-- com.qa.demowebshop.tests.RegistrationPageTest -->
